<?xml version="1.0" encoding="UTF-8"?>
<!-- Generated by org.testng.reporters.JUnitReportReporter -->
<testsuite skipped="0" hostname="LAPTOP-06MSU60O" name="testCases.TC001_LoginLogout" tests="2" failures="0" timestamp="2019-11-08T12:17:51 IST" time="10.720" errors="0">
  <testcase name="tC001_LoginLogout" time="5.040" classname="testCases.TC001_LoginLogout"/>
  <testcase name="tC001_LoginLogout" time="5.680" classname="testCases.TC001_LoginLogout"/>
</testsuite> <!-- testCases.TC001_LoginLogout -->
